<?xml version="1.0" encoding="UTF-8" ?>
<testsuites>
  <testsuite errors="0" failures="0" hostname="DESKTOP-RQAUQ6I" id="0" name="QueryIntegrationSpec" package="com.grailsinaction" skipped="0" tests="5" time="0.299" timestamp="2020-04-27T05:17:22">
      <properties />

      <testcase classname="com.grailsinaction.QueryIntegrationSpec" name="Simple property comparison" time="0.204" />

      <testcase classname="com.grailsinaction.QueryIntegrationSpec" name="Multiple criteria" time="0.015" />

      <testcase classname="com.grailsinaction.QueryIntegrationSpec" name="Query on association" time="0.048" />

      <testcase classname="com.grailsinaction.QueryIntegrationSpec" name="Query against a range value" time="0.016" />

      <testcase classname="com.grailsinaction.QueryIntegrationSpec" name="Retrieve a single instance" time="0.016" />

      <system-out><![CDATA[--Output from Simple property comparison--
--Output from Multiple criteria--
--Output from Query on association--
--Output from Query against a range value--
--Output from Retrieve a single instance--
]]></system-out>

      <system-err><![CDATA[--Output from Simple property comparison--
--Output from Multiple criteria--
--Output from Query on association--
--Output from Query against a range value--
--Output from Retrieve a single instance--
]]></system-err>

  </testsuite>
</testsuites>
